make all --print-data-base --no-builtin-variables --no-builtin-rules --question
# GNU Make 3.81
 
# Copyright (C) 2006  Free Software Foundation, Inc.
# This is free software; see the source for copying conditions.
# There is NO warranty; not even for MERCHANTABILITY or FITNESS FOR A
# PARTICULAR PURPOSE.

# This program built for i386-apple-darwin11.3.0
 
make: *** No rule to make target `all'.  Stop.


 
# Make data base, printed on Wed May 11 12:14:48 2022

# Variables

# automatic
<D = $(patsubst %/,%,$(dir $<))
# automatic
?F = $(notdir $?)
# environment
VSCODE_LOG_NATIVE = false
# automatic
?D = $(patsubst %/,%,$(dir $?))
# automatic
@D = $(patsubst %/,%,$(dir $@))
# automatic
@F = $(notdir $@)
# makefile
CURDIR := /Users/gabrielcardoso/Documents/projects/fox_bank
# makefile
SHELL = /bin/sh
# environment
FZF_DEFAULT_COMMAND = fd --type f --hidden --exclude .git
# environment
VSCODE_NLS_CONFIG = {"locale":"pt-br","availableLanguages":{"*":"pt-br"},"_languagePackId":"87bc42524dcd0342864b21d9918adfb2.pt-br","_translationsConfigFile":"/Users/gabrielcardoso/Library/Application Support/Code/clp/87bc42524dcd0342864b21d9918adfb2.pt-br/tcf.json","_cacheRoot":"/Users/gabrielcardoso/Library/Application Support/Code/clp/87bc42524dcd0342864b21d9918adfb2.pt-br","_resolvedLanguagePackCoreLocation":"/Users/gabrielcardoso/Library/Application Support/Code/clp/87bc42524dcd0342864b21d9918adfb2.pt-br/57fd6d0195bb9b9d1b49f6da5db789060795de47","_corruptedFile":"/Users/gabrielcardoso/Library/Application Support/Code/clp/87bc42524dcd0342864b21d9918adfb2.pt-br/corrupted.info","_languagePackSupport":true}
# environment
_ = /usr/bin/make
# environment
CFLAGS = -O2 -g -fno-stack-check
# makefile (from `Makefile', line 1)
MAKEFILE_LIST :=  Makefile
# makefile (from `Makefile', line 5)
VERSION = $(shell cat VERSION)
# environment
VSCODE_VERBOSE_LOGGING = true
# environment
__CFBundleIdentifier = com.microsoft.VSCode
# environment
VSCODE_IPC_HOOK_EXTHOST = /var/folders/1b/nthcq5y55t5_w5jbyjgzrfp80000gn/T/vscode-ipc-b9439775-8b1f-44f3-b5b1-c5e29788b42e.sock
# environment
VSCODE_CWD = /
# environment
PATH = /Users/gabrielcardoso/.asdf/shims:/usr/local/opt/asdf/libexec/bin:/Users/gabrielcardoso/.zinit/polaris/bin:/usr/local/bin:/usr/bin:/bin:/usr/sbin:/sbin:/Library/Apple/usr/bin:/Users/gabrielcardoso/.fig/bin:/Users/gabrielcardoso/.local/bin:/Users/gabrielcardoso/flutter/bin:/Users/gabrielcardoso/.emacs.d/bin:/Users/gabrielcardoso/.elixir-ls/release
# environment
LSCOLORS = Gxfxcxdxbxegedabagacad
# environment
SPACESHIP_VERSION = 3.13.3
# environment
 
VSCODE_LOG_STACK = false
# environment
ELECTRON_RUN_AS_NODE = 1
# makefile (from `Makefile', line 4)
COMMIT = $(shell git rev-parse --verify HEAD)
# default
.FEATURES := target-specific order-only second-expansion else-if archives jobserver check-symlink
# environment
SSH_AUTH_SOCK = /private/tmp/com.apple.launchd.Dg4cgtSMr8/Listeners
# automatic
%F = $(notdir $%)
# environment
TTY = not a tty
# environment
VSCODE_PIPE_LOGGING = true
# environment
FIG_PID = 17242
# environment
PWD = /Users/gabrielcardoso/Documents/projects/fox_bank
# environment
ORIGINAL_XDG_CURRENT_DESKTOP = undefined
# environment
VSCODE_AMD_ENTRYPOINT = vs/workbench/api/node/extensionHostProcess
# environment
HOME = /Users/gabrielcardoso
# environment
KERL_CONFIGURE_OPTIONS = --disable-hipe --with-ssl=/usr/local/opt/openssl@3
# default
MAKEFILEPATH := /Applications/Xcode.app/Contents/Developer/Makefiles
# environment
VSCODE_CODE_CACHE_PATH = /Users/gabrielcardoso/Library/Application Support/Code/CachedData/57fd6d0195bb9b9d1b49f6da5db789060795de47
# environment
LOGNAME = gabrielcardoso
# environment
APPLICATION_INSIGHTS_NO_DIAGNOSTIC_CHANNEL = 1
# environment
ZSH = /Users/gabrielcardoso/.oh-my-zsh
# environment
VSCODE_HANDLES_UNCAUGHT_ERRORS = true
# automatic
^D = $(patsubst %/,%,$(dir $^))
# environment
XPC_FLAGS = 0x0
# default
MAKE = $(MAKE_COMMAND)
# default
MAKECMDGOALS := all
# environment
SHLVL = 1
# default
MAKE_VERSION := 3.81
# environment
USER = gabrielcardoso
 
# makefile
.DEFAULT_GOAL := build_image
# environment
LESS = -R
# automatic
%D = $(patsubst %/,%,$(dir $%))
# default
MAKE_COMMAND := /Applications/Xcode.app/Contents/Developer/usr/bin/make
# environment
ZPFX = /Users/gabrielcardoso/.zinit/polaris
# environment
ZSH_CACHE_DIR = /Users/gabrielcardoso/.oh-my-zsh/cache
# default
.VARIABLES := 
# environment
TMPDIR = /var/folders/1b/nthcq5y55t5_w5jbyjgzrfp80000gn/T/
# automatic
*F = $(notdir $*)
# environment
VSCODE_IPC_HOOK = /Users/gabrielcardoso/Library/Application Support/Code/1.67.0-main.sock
# makefile
MAKEFLAGS = Rrqp
# environment
MFLAGS = -Rrqp
# automatic
*D = $(patsubst %/,%,$(dir $*))
# environment
XPC_SERVICE_NAME = application.com.microsoft.VSCode.14402108.14402114
# automatic
+D = $(patsubst %/,%,$(dir $+))
# automatic
+F = $(notdir $+)
# environment
PMSPEC = 0uUpiPsf
# environment
__CF_USER_TEXT_ENCODING = 0x1F5:0x0:0x0
# environment
COMMAND_MODE = unix2003
# default
MAKEFILES := 
# automatic
<F = $(notdir $<)
# environment
EDITOR = /Users/gabrielcardoso/.oh-my-zsh/plugins/emacs/emacsclient.sh
# environment
PAGER = less
# environment
LC_ALL = C
# environment
SPACESHIP_ROOT = /Users/gabrielcardoso/.oh-my-zsh/custom/themes/spaceship-prompt
# automatic
^F = $(notdir $^)
# default
SUFFIXES := 
# environment
ASDF_DIR = /usr/local/opt/asdf/libexec
# environment
EMACS_PLUGIN_LAUNCHER = /Users/gabrielcardoso/.oh-my-zsh/plugins/emacs/emacsclient.sh
# default
.INCLUDE_DIRS = /usr/local/include
# environment
MAKELEVEL := 0
# environment
LANG = C
# environment
VSCODE_PID = 17231
# variable set hash-table stats:
 
# Load=81/1024=8%, Rehash=0, Collisions=3/105=3%

# Pattern-specific Variable Values

# No pattern-specific variable values.

# Directories

# . (device 16777221, inode 12584995): 25 files, no impossibilities.

# 25 files, no impossibilities in 1 directories.

# Implicit Rules

# No implicit rules.

# Files

# Not a target:
all:
#  Command-line target.
#  Implicit rule search has been done.
#  File does not exist.
#  File has not been updated.
# variable set hash-table stats:
# Load=0/32=0%, Rehash=0, Collisions=0/0=0%

# Not a target:
.SUFFIXES:
#  Implicit rule search has not been done.
#  Modification time never checked.
#  File has not been updated.

# Not a target:
Makefile:
#  Implicit rule search has been done.
#  Last modified 2022-05-03 11:27:53
#  File has been updated.
#  Successfully updated.
# variable set hash-table stats:
# Load=0/32=0%, Rehash=0, Collisions=0/0=0%

push_image:
#  Implicit rule search has not been done.
#  Modification time never checked.
#  File has not been updated.
#  commands to execute (from `Makefile', line 14):
	docker push cardoso010/fox_bank:latest
	

build_image:
#  Implicit rule search has not been done.
#  Modification time never checked.
#  File has not been updated.
#  commands to execute (from `Makefile', line 8):
	docker image build -f "Dockerfile" . -t "fox_bank:latest" -t "fox_bank:$(VERSION)"
	

tag_image:
#  Implicit rule search has not been done.
#  Modification time never checked.
#  File has not been updated.
#  commands to execute (from `Makefile', line 11):
	docker image tag fox_bank:latest cardoso010/fox_bank:$(VERSION)
	

# Not a target:
.DEFAULT:
#  Implicit rule search has not been done.
#  Modification time never checked.
#  File has not been updated.

# files hash-table stats:
# Load=7/1024=1%, Rehash=0, Collisions=0/19=0%
# VPATH Search Paths

# No `vpath' search paths.

# No general (`VPATH' variable) search path.

# # of strings in strcache: 1
# # of strcache buffers: 1
# strcache size: total = 4096 / max = 4096 / min = 4096 / avg = 4096
# strcache free: total = 4087 / max = 4087 / min = 4087 / avg = 4087

# Finished Make data base on Wed May 11 12:14:48 2022

 
